<?xml version="1.0" encoding="UTF-8"?>
<!-- Generated by org.testng.reporters.JUnitReportReporter -->
<testsuite skipped="0" hostname="Riyaz" name="AmazonSearchTest" tests="2" failures="0" timestamp="16 Oct 2020 15:12:59 GMT" time="461.673" errors="0">
  <testcase name="productSearchTest" time="180.571" classname="AmazonSearchTest"/>
  <testcase name="TestAddToCart" time="281.102" classname="AmazonSearchTest"/>
</testsuite> <!-- AmazonSearchTest -->
