<?xml version="1.0" encoding="UTF-8"?>
<!-- Generated by org.testng.reporters.JUnitReportReporter -->
<testsuite skipped="0" hostname="Riyaz" name="SearchTestDemo2" tests="1" failures="0" timestamp="04 Dec 2020 16:05:00 GMT" time="437.231" errors="0">
  <testcase name="AddToCart" time="437.231" classname="SearchTestDemo2"/>
</testsuite> <!-- SearchTestDemo2 -->
